<?xml version="1.0" encoding="UTF-8"?>
<!-- Generated by org.testng.reporters.JUnitReportReporter -->
<testsuite hostname="DESKTOP-2L70A79" failures="0" tests="1" name="annotations.TestClass1" time="0.005" errors="0" timestamp="2024-06-01T10:41:52 IST" skipped="0">
  <testcase classname="annotations.TestClass1" name="demo" time="0.005"/>
  <system-out>
    <![CDATA[TestClass1 - @Test]]>
  </system-out>
</testsuite> <!-- annotations.TestClass1 -->
