<?xml version="1.0" encoding="UTF-8"?>
<!-- Generated by org.testng.reporters.JUnitReportReporter -->
<testsuite hostname="DESKTOP-2L70A79" failures="0" tests="1" name="groupExecution.TestClass4" time="0.002" errors="0" timestamp="2024-06-03T11:20:14 IST" skipped="0">
  <testcase classname="groupExecution.TestClass4" name="demo1" time="0.002"/>
  <system-out/>
</testsuite> <!-- groupExecution.TestClass4 -->
