<?xml version="1.0" encoding="UTF-8"?>
<!-- Generated by org.testng.reporters.JUnitReportReporter -->
<testsuite hostname="DESKTOP-2L70A79" failures="0" tests="1" name="basics.HandlingSSLCertification" time="5.649" errors="0" timestamp="2024-06-11T10:38:32 IST" skipped="0">
  <testcase classname="basics.HandlingSSLCertification" name="test1" time="5.649"/>
  <system-out/>
</testsuite> <!-- basics.HandlingSSLCertification -->
