<?xml version="1.0" encoding="UTF-8"?>
<!-- Generated by org.testng.reporters.JUnitReportReporter -->
<testsuite hostname="DESKTOP-2L70A79" failures="0" tests="1" name="testNG.SampleTest" time="0.002" errors="0" timestamp="2024-06-10T11:20:25 IST" skipped="0">
  <testcase classname="testNG.SampleTest" name="test1" time="0.002"/>
  <system-out>
    <![CDATA[Hello World!]]>
  </system-out>
</testsuite> <!-- testNG.SampleTest -->
