<?xml version="1.0" encoding="UTF-8"?>
<!-- Generated by org.testng.reporters.JUnitReportReporter -->
<testsuite hostname="DESKTOP-2L70A79" failures="0" tests="2" name="distributedParallel.TestClass1" time="0.004" errors="0" timestamp="2024-06-04T11:07:24 IST" skipped="0">
  <testcase classname="distributedParallel.TestClass1" name="demo1" time="0.003"/>
  <system-out>
    <![CDATA[TestClass1 - demo1]]>
  </system-out>
  <testcase classname="distributedParallel.TestClass1" name="demo2" time="0.001"/>
  <system-out>
    <![CDATA[TestClass1 - demo2]]>
  </system-out>
</testsuite> <!-- distributedParallel.TestClass1 -->
