<?xml version="1.0" encoding="UTF-8"?>
<!-- Generated by org.testng.reporters.JUnitReportReporter -->
<testsuite hostname="DESKTOP-2L70A79" failures="0" tests="3" name="groupExecution.TestClass2" time="0.001" errors="0" timestamp="2024-06-03T11:20:14 IST" skipped="0">
  <testcase classname="groupExecution.TestClass2" name="demo2" time="0.001"/>
  <system-out/>
  <testcase classname="groupExecution.TestClass2" name="demo1" time="0.000"/>
  <system-out/>
  <testcase classname="groupExecution.TestClass2" name="demo3" time="0.000"/>
  <system-out/>
</testsuite> <!-- groupExecution.TestClass2 -->
