<?xml version="1.0" encoding="UTF-8"?>
<!-- Generated by org.testng.reporters.JUnitReportReporter -->
<testsuite hostname="DESKTOP-2L70A79" failures="0" tests="3" name="crossBrowserParallel.TestClass2" time="10.617" errors="0" timestamp="2024-06-05T11:06:25 IST" skipped="0">
  <testcase classname="crossBrowserParallel.TestClass2" name="swiggyTest" time="3.819"/>
  <system-out/>
  <testcase classname="crossBrowserParallel.TestClass2" name="swiggyTest" time="2.961"/>
  <system-out/>
  <testcase classname="crossBrowserParallel.TestClass2" name="swiggyTest" time="3.837"/>
  <system-out/>
</testsuite> <!-- crossBrowserParallel.TestClass2 -->
