<?xml version="1.0" encoding="UTF-8"?>
<!-- Generated by org.testng.reporters.JUnitReportReporter -->
<testsuite hostname="DESKTOP-2L70A79" failures="0" tests="3" name="crossBrowserParallel.TestClass1" time="11.791" errors="0" timestamp="2024-06-05T11:06:25 IST" skipped="0">
  <testcase classname="crossBrowserParallel.TestClass1" name="googleTest" time="3.182"/>
  <system-out/>
  <testcase classname="crossBrowserParallel.TestClass1" name="googleTest" time="4.753"/>
  <system-out/>
  <testcase classname="crossBrowserParallel.TestClass1" name="googleTest" time="3.856"/>
  <system-out/>
</testsuite> <!-- crossBrowserParallel.TestClass1 -->
