<?xml version="1.0" encoding="UTF-8"?>
<!-- Generated by org.testng.reporters.JUnitReportReporter -->
<testsuite hostname="DESKTOP-2L70A79" failures="0" tests="1" name="testNG.DependsOnMethodsTest" time="0.006" errors="0" timestamp="2024-06-10T11:22:27 IST" skipped="0">
  <testcase classname="testNG.DependsOnMethodsTest" name="demo2" time="0.006"/>
  <system-out>
    <![CDATA[Register to Naukri]]>
  </system-out>
</testsuite> <!-- testNG.DependsOnMethodsTest -->
