<?xml version="1.0" encoding="UTF-8"?>
<!-- Generated by org.testng.reporters.JUnitReportReporter -->
<testsuite hostname="DESKTOP-2L70A79" failures="0" tests="4" name="testNG.PriorityInvocationCountEnabledFlagsTest" time="0.002" errors="0" timestamp="2024-06-10T11:20:25 IST" skipped="2">
  <testcase classname="testNG.PriorityInvocationCountEnabledFlagsTest" name="demo2" time="0.001"/>
  <system-out>
    <![CDATA[demo2]]>
  </system-out>
  <testcase classname="testNG.PriorityInvocationCountEnabledFlagsTest" name="demo2" time="0.001"/>
  <system-out>
    <![CDATA[demo2]]>
  </system-out>
  <testcase classname="testNG.PriorityInvocationCountEnabledFlagsTest" name="demo4">
    <skipped/>
  </testcase> <!-- demo4 -->
  <system-out/>
  <testcase classname="testNG.PriorityInvocationCountEnabledFlagsTest" name="demo1">
    <skipped/>
  </testcase> <!-- demo1 -->
  <system-out/>
</testsuite> <!-- testNG.PriorityInvocationCountEnabledFlagsTest -->
