<?xml version="1.0" encoding="UTF-8"?>
<!-- Generated by org.testng.reporters.JUnitReportReporter -->
<testsuite hostname="DESKTOP-2L70A79" failures="0" tests="2" name="testNG.DisablingTest" time="0.010" errors="0" timestamp="2024-06-10T11:20:25 IST" skipped="1">
  <testcase classname="testNG.DisablingTest" name="demo1" time="0.010"/>
  <system-out>
    <![CDATA[demo1]]>
  </system-out>
  <testcase classname="testNG.DisablingTest" name="demo2">
    <skipped/>
  </testcase> <!-- demo2 -->
  <system-out/>
</testsuite> <!-- testNG.DisablingTest -->
