<?xml version="1.0" encoding="UTF-8"?>
<!-- Generated by org.testng.reporters.JUnitReportReporter -->
<testsuite hostname="DESKTOP-2L70A79" failures="0" tests="6" name="testNG.PrioritizingTestScripts" time="0.004" errors="0" timestamp="2024-06-10T11:20:25 IST" skipped="0">
  <testcase classname="testNG.PrioritizingTestScripts" name="demo5" time="0.001"/>
  <system-out>
    <![CDATA[demo5]]>
  </system-out>
  <testcase classname="testNG.PrioritizingTestScripts" name="demo3" time="0.001"/>
  <system-out>
    <![CDATA[demo3]]>
  </system-out>
  <testcase classname="testNG.PrioritizingTestScripts" name="demo6" time="0.000"/>
  <system-out>
    <![CDATA[demo6]]>
  </system-out>
  <testcase classname="testNG.PrioritizingTestScripts" name="demo1" time="0.001"/>
  <system-out>
    <![CDATA[demo1]]>
  </system-out>
  <testcase classname="testNG.PrioritizingTestScripts" name="demo2" time="0.001"/>
  <system-out>
    <![CDATA[demo2]]>
  </system-out>
  <testcase classname="testNG.PrioritizingTestScripts" name="demo4" time="0.000"/>
  <system-out>
    <![CDATA[demo4]]>
  </system-out>
</testsuite> <!-- testNG.PrioritizingTestScripts -->
