<?xml version="1.0" encoding="UTF-8"?>
<!-- Generated by org.testng.reporters.JUnitReportReporter -->
<testsuite hostname="DESKTOP-2L70A79" failures="0" tests="2" name="distributedParallel.TestClass6" time="0.014" errors="0" timestamp="2024-06-04T11:07:24 IST" skipped="0">
  <testcase classname="distributedParallel.TestClass6" name="demo2" time="0.002"/>
  <system-out>
    <![CDATA[TestClass6 - demo2]]>
  </system-out>
  <testcase classname="distributedParallel.TestClass6" name="demo1" time="0.012"/>
  <system-out>
    <![CDATA[TestClass6 - demo1]]>
  </system-out>
</testsuite> <!-- distributedParallel.TestClass6 -->
