<?xml version="1.0" encoding="UTF-8"?>
<!-- Generated by org.testng.reporters.JUnitReportReporter -->
<testsuite hostname="DESKTOP-2L70A79" failures="0" tests="1" name="skillraryLoginScript.LoginTest" time="1.839" errors="0" timestamp="2024-06-01T11:52:47 IST" skipped="0">
  <testcase classname="skillraryLoginScript.LoginTest" name="skillraryLoginTest" time="1.839"/>
  <system-out/>
</testsuite> <!-- skillraryLoginScript.LoginTest -->
