<?xml version="1.0" encoding="UTF-8"?>
<!-- Generated by org.testng.reporters.JUnitReportReporter -->
<testsuite hostname="DESKTOP-2L70A79" failures="0" tests="3" name="dataProviders.PracticeTest" time="0.011" errors="0" timestamp="2024-06-07T10:54:19 IST" skipped="0">
  <testcase classname="dataProviders.PracticeTest" name="bookTicketTest" time="0.001"/>
  <system-out/>
  <testcase classname="dataProviders.PracticeTest" name="bookTicketTest" time="0.002"/>
  <system-out/>
  <testcase classname="dataProviders.PracticeTest" name="bookTicketTest" time="0.008"/>
  <system-out/>
</testsuite> <!-- dataProviders.PracticeTest -->
