<?xml version="1.0" encoding="UTF-8"?>
<!-- Generated by org.testng.reporters.JUnitReportReporter -->
<testsuite hostname="DESKTOP-2L70A79" failures="0" tests="1" name="assertions.SampleTest" time="0.006" errors="0" timestamp="2024-06-06T10:55:56 IST" skipped="0">
  <testcase classname="assertions.SampleTest" name="demo" time="0.006"/>
  <system-out/>
</testsuite> <!-- assertions.SampleTest -->
